<?xml version="1.0" encoding="UTF-8"?>
<testng-results skipped="0" failed="0" ignored="0" total="2" passed="2">
  <reporter-output>
  </reporter-output>
  <suite name="Default suite" duration-ms="143337" started-at="2018-11-22T14:21:01Z" finished-at="2018-11-22T14:23:25Z">
    <groups>
    </groups>
    <test name="Default test" duration-ms="143337" started-at="2018-11-22T14:21:01Z" finished-at="2018-11-22T14:23:25Z">
      <class name="Android.Umang">
        <test-method status="PASS" signature="setUp()[pri:0, instance:Android.Umang@59fa1d9b]" name="setUp" is-config="true" duration-ms="19595" started-at="2018-11-22T14:21:01Z" finished-at="2018-11-22T14:21:21Z">
          <reporter-output>
          </reporter-output>
        </test-method> <!-- setUp -->
        <test-method status="PASS" signature="login()[pri:0, instance:Android.Umang@59fa1d9b]" name="login" duration-ms="56817" started-at="2018-11-22T14:21:21Z" finished-at="2018-11-22T14:22:18Z">
          <reporter-output>
          </reporter-output>
        </test-method> <!-- login -->
        <test-method status="PASS" signature="yRegisterComplaint()[pri:0, instance:Android.Umang@59fa1d9b]" name="yRegisterComplaint" duration-ms="62997" started-at="2018-11-22T14:22:18Z" finished-at="2018-11-22T14:23:21Z">
          <reporter-output>
          </reporter-output>
        </test-method> <!-- yRegisterComplaint -->
        <test-method status="PASS" signature="quitDriver()[pri:0, instance:Android.Umang@59fa1d9b]" name="quitDriver" is-config="true" duration-ms="3895" started-at="2018-11-22T14:23:21Z" finished-at="2018-11-22T14:23:25Z">
          <reporter-output>
          </reporter-output>
        </test-method> <!-- quitDriver -->
        <test-method status="PASS" signature="generatereport()[pri:0, instance:Android.Umang@59fa1d9b]" name="generatereport" is-config="true" duration-ms="1980" started-at="2018-11-22T14:23:25Z" finished-at="2018-11-22T14:23:27Z">
          <reporter-output>
          </reporter-output>
        </test-method> <!-- generatereport -->
      </class> <!-- Android.Umang -->
    </test> <!-- Default test -->
  </suite> <!-- Default suite -->
</testng-results>
